mode: count
github.com/szpakas/gjsonquery/comparators.go:9.54,11.24 2 93
github.com/szpakas/gjsonquery/comparators.go:15.2,16.13 2 45
github.com/szpakas/gjsonquery/comparators.go:11.24,14.3 2 48
github.com/szpakas/gjsonquery/comparators.go:19.63,24.9 3 30
github.com/szpakas/gjsonquery/comparators.go:29.2,29.28 1 29
github.com/szpakas/gjsonquery/comparators.go:35.2,36.19 2 15
github.com/szpakas/gjsonquery/comparators.go:24.9,27.3 2 1
github.com/szpakas/gjsonquery/comparators.go:29.28,30.18 1 72
github.com/szpakas/gjsonquery/comparators.go:30.18,33.4 2 14
github.com/szpakas/gjsonquery/comparators.go:39.76,43.38 3 7
github.com/szpakas/gjsonquery/comparators.go:50.2,52.16 3 7
github.com/szpakas/gjsonquery/comparators.go:55.2,55.22 1 7
github.com/szpakas/gjsonquery/comparators.go:44.2,45.57 1 4
github.com/szpakas/gjsonquery/comparators.go:46.2,47.57 1 3
github.com/szpakas/gjsonquery/comparators.go:52.16,54.3 1 0
github.com/szpakas/gjsonquery/comparators.go:58.102,61.16 3 61
github.com/szpakas/gjsonquery/comparators.go:65.2,65.9 1 54
github.com/szpakas/gjsonquery/comparators.go:85.2,85.8 1 53
github.com/szpakas/gjsonquery/comparators.go:61.16,63.3 1 7
github.com/szpakas/gjsonquery/comparators.go:66.2,67.20 1 14
github.com/szpakas/gjsonquery/comparators.go:68.2,69.20 1 13
github.com/szpakas/gjsonquery/comparators.go:70.2,71.21 1 6
github.com/szpakas/gjsonquery/comparators.go:72.2,73.21 1 4
github.com/szpakas/gjsonquery/comparators.go:74.2,75.20 1 4
github.com/szpakas/gjsonquery/comparators.go:76.2,77.20 1 4
github.com/szpakas/gjsonquery/comparators.go:78.2,79.21 1 4
github.com/szpakas/gjsonquery/comparators.go:80.2,81.21 1 4
github.com/szpakas/gjsonquery/comparators.go:82.2,83.66 1 1
github.com/szpakas/gjsonquery/comparators.go:88.102,90.43 1 61
github.com/szpakas/gjsonquery/comparators.go:123.2,124.8 2 1
github.com/szpakas/gjsonquery/comparators.go:91.2,93.10 2 33
github.com/szpakas/gjsonquery/comparators.go:102.3,105.9 4 29
github.com/szpakas/gjsonquery/comparators.go:106.2,108.10 2 27
github.com/szpakas/gjsonquery/comparators.go:117.3,120.9 4 25
github.com/szpakas/gjsonquery/comparators.go:93.10,95.11 2 16
github.com/szpakas/gjsonquery/comparators.go:99.4,99.50 1 12
github.com/szpakas/gjsonquery/comparators.go:95.11,98.5 2 4
github.com/szpakas/gjsonquery/comparators.go:108.10,110.11 2 11
github.com/szpakas/gjsonquery/comparators.go:114.4,114.54 1 9
github.com/szpakas/gjsonquery/comparators.go:110.11,113.5 2 2
github.com/szpakas/gjsonquery/gjsonquery.go:10.78,13.2 1 171
github.com/szpakas/gjsonquery/gjsonquery.go:17.79,19.40 1 231
github.com/szpakas/gjsonquery/gjsonquery.go:52.2,52.60 1 2
github.com/szpakas/gjsonquery/gjsonquery.go:21.2,22.40 1 213
github.com/szpakas/gjsonquery/gjsonquery.go:33.3,33.19 1 88
github.com/szpakas/gjsonquery/gjsonquery.go:35.2,36.35 1 16
github.com/szpakas/gjsonquery/gjsonquery.go:48.3,48.19 1 6
github.com/szpakas/gjsonquery/gjsonquery.go:22.40,24.18 2 218
github.com/szpakas/gjsonquery/gjsonquery.go:27.4,27.16 1 198
github.com/szpakas/gjsonquery/gjsonquery.go:24.18,26.5 1 20
github.com/szpakas/gjsonquery/gjsonquery.go:27.16,30.5 1 105
github.com/szpakas/gjsonquery/gjsonquery.go:36.35,39.18 2 28
github.com/szpakas/gjsonquery/gjsonquery.go:42.4,42.16 1 27
github.com/szpakas/gjsonquery/gjsonquery.go:39.18,41.5 1 1
github.com/szpakas/gjsonquery/gjsonquery.go:42.16,45.5 1 9
github.com/szpakas/gjsonquery/gjsonquery.go:55.78,57.40 1 18
github.com/szpakas/gjsonquery/gjsonquery.go:90.2,90.60 1 1
github.com/szpakas/gjsonquery/gjsonquery.go:59.2,60.40 1 10
github.com/szpakas/gjsonquery/gjsonquery.go:71.3,71.20 1 5
github.com/szpakas/gjsonquery/gjsonquery.go:73.2,74.35 1 7
github.com/szpakas/gjsonquery/gjsonquery.go:86.3,86.20 1 2
github.com/szpakas/gjsonquery/gjsonquery.go:60.40,62.18 2 12
github.com/szpakas/gjsonquery/gjsonquery.go:65.4,65.15 1 11
github.com/szpakas/gjsonquery/gjsonquery.go:62.18,64.5 1 1
github.com/szpakas/gjsonquery/gjsonquery.go:65.15,68.5 1 4
github.com/szpakas/gjsonquery/gjsonquery.go:74.35,77.18 2 11
github.com/szpakas/gjsonquery/gjsonquery.go:80.4,80.15 1 10
github.com/szpakas/gjsonquery/gjsonquery.go:77.18,79.5 1 1
github.com/szpakas/gjsonquery/gjsonquery.go:80.15,83.5 1 4
github.com/szpakas/gjsonquery/gjsonquery.go:113.100,118.30 2 246
github.com/szpakas/gjsonquery/gjsonquery.go:127.2,127.16 1 230
github.com/szpakas/gjsonquery/gjsonquery.go:144.2,144.30 1 191
github.com/szpakas/gjsonquery/gjsonquery.go:151.2,153.41 2 185
github.com/szpakas/gjsonquery/gjsonquery.go:164.2,164.20 1 185
github.com/szpakas/gjsonquery/gjsonquery.go:186.2,191.55 4 182
github.com/szpakas/gjsonquery/gjsonquery.go:118.30,121.17 3 16
github.com/szpakas/gjsonquery/gjsonquery.go:124.3,124.23 1 15
github.com/szpakas/gjsonquery/gjsonquery.go:121.17,123.4 1 1
github.com/szpakas/gjsonquery/gjsonquery.go:128.2,130.39 2 16
github.com/szpakas/gjsonquery/gjsonquery.go:131.2,133.38 2 18
github.com/szpakas/gjsonquery/gjsonquery.go:134.2,137.17 3 5
github.com/szpakas/gjsonquery/gjsonquery.go:140.3,140.23 1 4
github.com/szpakas/gjsonquery/gjsonquery.go:137.17,139.4 1 1
github.com/szpakas/gjsonquery/gjsonquery.go:144.30,148.3 3 6
github.com/szpakas/gjsonquery/gjsonquery.go:156.2,157.57 1 81
github.com/szpakas/gjsonquery/gjsonquery.go:159.2,160.57 1 8
github.com/szpakas/gjsonquery/gjsonquery.go:164.20,166.10 2 96
github.com/szpakas/gjsonquery/gjsonquery.go:171.3,171.32 1 95
github.com/szpakas/gjsonquery/gjsonquery.go:176.3,176.50 1 93
github.com/szpakas/gjsonquery/gjsonquery.go:166.10,169.4 2 1
github.com/szpakas/gjsonquery/gjsonquery.go:171.32,175.4 2 2
github.com/szpakas/gjsonquery/gjsonquery.go:176.50,181.9 4 93
github.com/szpakas/gjsonquery/gjsonquery.go:194.63,199.37 4 99
github.com/szpakas/gjsonquery/gjsonquery.go:207.2,207.32 1 99
github.com/szpakas/gjsonquery/gjsonquery.go:224.2,225.8 2 99
github.com/szpakas/gjsonquery/gjsonquery.go:199.37,200.25 1 370
github.com/szpakas/gjsonquery/gjsonquery.go:200.25,204.4 3 11
github.com/szpakas/gjsonquery/gjsonquery.go:208.2,209.59 1 7
github.com/szpakas/gjsonquery/gjsonquery.go:210.2,211.58 1 9
github.com/szpakas/gjsonquery/gjsonquery.go:212.2,213.58 1 18
github.com/szpakas/gjsonquery/gjsonquery.go:214.2,215.58 1 31
github.com/szpakas/gjsonquery/gjsonquery.go:216.2,217.59 1 12
github.com/szpakas/gjsonquery/gjsonquery.go:218.2,219.58 1 9
github.com/szpakas/gjsonquery/gjsonquery.go:220.2,221.59 1 8
github.com/szpakas/gjsonquery/gjsonquery.go:228.98,233.19 3 195
github.com/szpakas/gjsonquery/gjsonquery.go:248.2,248.16 1 195
github.com/szpakas/gjsonquery/gjsonquery.go:252.2,255.8 3 182
github.com/szpakas/gjsonquery/gjsonquery.go:234.2,235.58 1 30
github.com/szpakas/gjsonquery/gjsonquery.go:236.2,237.53 1 93
github.com/szpakas/gjsonquery/gjsonquery.go:238.2,239.59 1 7
github.com/szpakas/gjsonquery/gjsonquery.go:240.2,241.74 1 60
github.com/szpakas/gjsonquery/gjsonquery.go:242.2,245.76 2 5
github.com/szpakas/gjsonquery/gjsonquery.go:248.16,250.3 1 13
github.com/szpakas/gjsonquery/gjsonquery.go:258.94,264.49 4 182
github.com/szpakas/gjsonquery/gjsonquery.go:289.2,289.8 1 182
github.com/szpakas/gjsonquery/gjsonquery.go:264.49,268.20 2 205
github.com/szpakas/gjsonquery/gjsonquery.go:274.3,274.31 1 177
github.com/szpakas/gjsonquery/gjsonquery.go:281.3,284.13 2 23
github.com/szpakas/gjsonquery/gjsonquery.go:268.20,270.9 2 28
github.com/szpakas/gjsonquery/gjsonquery.go:274.31,278.9 4 154
github.com/szpakas/gjsonquery/gjsonquery.go:284.13,286.9 2 0
github.com/szpakas/gjsonquery/gjsonquery_debug.go:7.42,8.11 1 2043
github.com/szpakas/gjsonquery/gjsonquery_debug.go:8.11,10.3 1 10
